\BOOKMARK [0][-]{chapter.1}{Modelo de negocios}{}% 1
\BOOKMARK [1][-]{section.1.1}{Reglas de Negocio}{chapter.1}% 2
\BOOKMARK [0][-]{chapter.2}{Modelo de comportamiento}{}% 3
\BOOKMARK [1][-]{section.2.1}{CU1.1 Iniciar Sesi\363n}{chapter.2}% 4
\BOOKMARK [2][-]{subsection.2.1.1}{Descripci\363n completa}{section.2.1}% 5
\BOOKMARK [2][-]{subsection.2.1.2}{Atributos importantes}{section.2.1}% 6
\BOOKMARK [2][-]{subsection.2.1.3}{Trayectorias del Caso de Uso}{section.2.1}% 7
\BOOKMARK [2][-]{subsection.2.1.4}{IU1.1 Pantalla Principal}{section.2.1}% 8
\BOOKMARK [1][-]{section.2.2}{CU1.2 Registrar usuario}{chapter.2}% 9
\BOOKMARK [2][-]{subsection.2.2.1}{Descripci\363n completa}{section.2.2}% 10
\BOOKMARK [2][-]{subsection.2.2.2}{Atributos importantes}{section.2.2}% 11
\BOOKMARK [2][-]{subsection.2.2.3}{Trayectorias del Caso de Uso}{section.2.2}% 12
\BOOKMARK [2][-]{subsection.2.2.4}{IU1.2 Registrar Usuario}{section.2.2}% 13
\BOOKMARK [1][-]{section.2.3}{CU1.3 Editar Protector}{chapter.2}% 14
\BOOKMARK [2][-]{subsection.2.3.1}{Descripci\363n completa}{section.2.3}% 15
\BOOKMARK [2][-]{subsection.2.3.2}{Atributos importantes}{section.2.3}% 16
\BOOKMARK [2][-]{subsection.2.3.3}{Trayectorias del Caso de Uso}{section.2.3}% 17
\BOOKMARK [2][-]{subsection.2.3.4}{IU1.4 Perfil Usuario}{section.2.3}% 18
\BOOKMARK [2][-]{subsection.2.3.5}{IU1.5 Ingresa Contrase\361a}{section.2.3}% 19
\BOOKMARK [1][-]{section.2.4}{Catalogo de Mensajes}{chapter.2}% 20
