\BOOKMARK [1][-]{section.1}{Abreviaturas.}{}% 1
\BOOKMARK [1][-]{section.2}{Introducci\363n.}{}% 2
\BOOKMARK [1][-]{section.3}{An\341lisis del problema.}{}% 3
\BOOKMARK [2][-]{subsection.3.1}{Contexto.}{section.3}% 4
\BOOKMARK [2][-]{subsection.3.2}{Planteamiento del Problema.}{section.3}% 5
\BOOKMARK [3][-]{subsubsection.3.2.1}{Descomposici\363n del problema.}{subsection.3.2}% 6
\BOOKMARK [2][-]{subsection.3.3}{Propuesta de soluci\363n.}{section.3}% 7
\BOOKMARK [2][-]{subsection.3.4}{Planeaci\363n del Alcance.}{section.3}% 8
\BOOKMARK [2][-]{subsection.3.5}{Objetivos.}{section.3}% 9
\BOOKMARK [3][-]{subsubsection.3.5.1}{General.}{subsection.3.5}% 10
\BOOKMARK [3][-]{subsubsection.3.5.2}{Espec\355ficos.}{subsection.3.5}% 11
\BOOKMARK [2][-]{subsection.3.6}{An\341lisis de Requerimientos.}{section.3}% 12
\BOOKMARK [3][-]{subsubsection.3.6.1}{Requerimientos Funcionales.}{subsection.3.6}% 13
\BOOKMARK [3][-]{subsubsection.3.6.2}{Requerimientos No Funcionales.}{subsection.3.6}% 14
\BOOKMARK [1][-]{section.4}{Planeaci\363n de tiempo}{}% 15
\BOOKMARK [2][-]{subsection.4.1}{Metodolog\355a}{section.4}% 16
\BOOKMARK [3][-]{subsubsection.4.1.1}{Mobile-D}{subsection.4.1}% 17
\BOOKMARK [3][-]{subsubsection.4.1.2}{Cronograma}{subsection.4.1}% 18
\BOOKMARK [2][-]{subsection.4.2}{Roles:}{section.4}% 19
\BOOKMARK [1][-]{section.5}{Planeaci\363n de Recursos Humanos:}{}% 20
\BOOKMARK [2][-]{subsection.5.1}{Roles:}{section.5}% 21
\BOOKMARK [2][-]{subsection.5.2}{Responsabilidades.}{section.5}% 22
\BOOKMARK [2][-]{subsection.5.3}{Contacto.}{section.5}% 23
\BOOKMARK [1][-]{section.6}{Referencias.}{}% 24
